[ 2023-04-29 12:03:24,629 ] 25 root - INFO - Data Ingestion methods Starts
[ 2023-04-29 12:03:24,973 ] 28 root - INFO - Dataset read as pandas Dataframe
[ 2023-04-29 12:03:26,185 ] 32 root - INFO - Train test split
[ 2023-04-29 12:03:27,690 ] 38 root - INFO - Ingestion of Data is completed
[ 2023-04-29 12:03:28,138 ] 76 root - INFO - Read train and test data completed
[ 2023-04-29 12:03:28,202 ] 77 root - INFO - Train Dataframe Head : 
   Delivery_person_Age  Delivery_person_Ratings Weather_conditions Road_traffic_density  Vehicle_condition Type_of_order   Type_of_vehicle  multiple_deliveries Festival           City  Time_taken (min)   distance  time_diff
0                 30.0                      4.2             Stormy               Medium                  1         Snack           scooter                  1.0       No  Metropolitian                32   4.243562       10.0
1                 25.0                      4.8         Sandstorms                  Jam                  0        Buffet        motorcycle                  1.0       No  Metropolitian                37   8.668495       15.0
2                 37.0                      4.5         Sandstorms                  Jam                  2        Buffet           scooter                  1.0       No  Metropolitian                36  14.079874       15.0
3                 36.0                      4.8             Cloudy                  Jam                  1         Snack           scooter                  2.0       No  Metropolitian                39   5.559746       10.0
4                 22.0                      4.7             Cloudy                  Low                  2        Buffet  electric_scooter                  1.0       No  Metropolitian                26  13.264433       10.0
[ 2023-04-29 12:03:28,242 ] 78 root - INFO - Test Dataframe Head  : 
   Delivery_person_Age  Delivery_person_Ratings Weather_conditions Road_traffic_density  Vehicle_condition Type_of_order Type_of_vehicle  multiple_deliveries Festival           City  Time_taken (min)   distance  time_diff
0                 25.0                      4.9         Sandstorms                 High                  2        Buffet      motorcycle                  0.0       No  Metropolitian                19   4.365466        5.0
1                 36.0                      4.7                Fog                  Jam                  2        Buffet         scooter                  0.0      Yes  Metropolitian                45   7.257234        5.0
2                 32.0                      3.5             Cloudy                  Low                  2         Snack         scooter                  0.0       No  Metropolitian                31  13.653412       15.0
3                 34.0                      3.6             Cloudy                  Low                  2        Drinks      motorcycle                  1.0       No  Metropolitian                34   7.630188       10.0
4                 28.0                      4.6             Cloudy                  Low                  0         Snack      motorcycle                  1.0       No          Urban                22  14.188461       15.0
[ 2023-04-29 12:03:28,242 ] 80 root - INFO - Obtaining preprocessing object
[ 2023-04-29 12:03:28,242 ] 27 root - INFO - Data Transformation initiated
[ 2023-04-29 12:03:28,242 ] 29 root - INFO - Pipeline Initiated
[ 2023-04-29 12:03:29,025 ] 98 root - INFO - Applying preprocessing object on training and testing datasets.
[ 2023-04-29 12:03:29,056 ] 110 root - INFO - Preprocessor pickle file saved
[ 2023-04-29 12:03:29,056 ] 25 root - INFO - Splitting Dependent and Independent variables from train and test data
[ 2023-04-29 12:03:29,792 ] 43 root - INFO - Model Report : {'LinearRegression': 0.6095394400936756, 'Lasso': 0.41793058794475346, 'Ridge': 0.6094463640191821, 'Elasticnet': 0.4040164041458735}
[ 2023-04-29 12:03:29,792 ] 56 root - INFO - Best Model Found , Model Name : LinearRegression , R2 Score : 0.6095394400936756
